GROUP,PACKAGE,CLASS,INSTRUCTION_MISSED,INSTRUCTION_COVERED,BRANCH_MISSED,BRANCH_COVERED,LINE_MISSED,LINE_COVERED,COMPLEXITY_MISSED,COMPLEXITY_COVERED,METHOD_MISSED,METHOD_COVERED
team_service,com.capstone.sporting_event.team_service.controller,TeamController,29,82,0,0,3,21,4,6,4,6
team_service,com.capstone.sporting_event.team_service.service,TeamServiceImpl,12,101,3,7,3,23,3,9,0,7
team_service,com.capstone.sporting_event.team_service.entity,Team,0,40,0,0,0,7,0,9,0,9
team_service,com.capstone.sporting_event.team_service.entity,Team.TeamBuilder,8,28,0,0,0,1,1,5,1,5
