GROUP,PACKAGE,CLASS,INSTRUCTION_MISSED,INSTRUCTION_COVERED,BRANCH_MISSED,BRANCH_COVERED,LINE_MISSED,LINE_COVERED,COMPLEXITY_MISSED,COMPLEXITY_COVERED,METHOD_MISSED,METHOD_COVERED
field_service,com.capstone.sporting_event.field_service.entity,Field.FieldBuilder,12,42,0,0,0,1,1,7,1,7
field_service,com.capstone.sporting_event.field_service.entity,Field,0,60,0,0,0,9,0,13,0,13
field_service,com.capstone.sporting_event.field_service.controller,FieldController,13,82,0,0,1,21,2,6,2,6
field_service,com.capstone.sporting_event.field_service.service,FieldServiceImpl,12,109,3,7,3,25,3,9,0,7
